<?xml version="1.0" encoding="UTF-8"?>
<!-- Generated by org.testng.reporters.JUnitReportReporter -->
<testsuite hostname="Mithuns-MacBook-Air-2.local" failures="0" tests="1" name="TestNGPKG.testNGnew" time="5.474" errors="0" timestamp="26 May 2020 04:59:46 GMT">
  <testcase classname="TestNGPKG.testNGnew" name="testcase_1" time="5.474"/>
</testsuite> <!-- TestNGPKG.testNGnew -->
